<?xml version="1.0" encoding="UTF-8"?>
<!-- Generated by org.testng.reporters.JUnitXMLReporter -->
<testsuite ignored="6" hostname="DESKTOP-OFACCIB" failures="0" tests="1" name="Default test" time="5.232" errors="0" timestamp="2021-06-10T12:52:59 CDT">
  <testcase classname="testing.ActivityJava" name="completePurchaseTestCase" time="2.937"/>
  <testcase classname="testing.ActivityJava" name="sortProductoByLowToHigh" time="0.0">
    <ignored/>
  </testcase> <!-- sortProductoByLowToHigh -->
  <testcase classname="testing.ActivityJava" name="addMultiItems" time="0.0">
    <ignored/>
  </testcase> <!-- addMultiItems -->
  <testcase classname="testing.ActivityJava" name="loginWithValidCredentials" time="0.0">
    <ignored/>
  </testcase> <!-- loginWithValidCredentials -->
  <testcase classname="testing.ActivityJava" name="logoutFromHomePage" time="0.0">
    <ignored/>
  </testcase> <!-- logoutFromHomePage -->
  <testcase classname="testing.ActivityJava" name="addOnesieItemToShoppingCart" time="0.0">
    <ignored/>
  </testcase> <!-- addOnesieItemToShoppingCart -->
  <testcase classname="testing.ActivityJava" name="loginWithInvalidCredentials" time="0.0">
    <ignored/>
  </testcase> <!-- loginWithInvalidCredentials -->
</testsuite> <!-- Default test -->
