<?xml version="1.0" encoding="UTF-8"?>
<testng-results ignored="6" total="7" passed="1" failed="0" skipped="0">
  <reporter-output>
  </reporter-output>
  <suite started-at="2021-06-10T12:52:54 CDT" name="Default suite" finished-at="2021-06-10T12:52:59 CDT" duration-ms="5232">
    <groups>
    </groups>
    <test started-at="2021-06-10T12:52:54 CDT" name="Default test" finished-at="2021-06-10T12:52:59 CDT" duration-ms="5232">
      <class name="testing.ActivityJava">
        <test-method is-config="true" signature="setUp()[pri:0, instance:testing.ActivityJava@355ce81c]" started-at="2021-06-10T12:52:54 CDT" name="setUp" description="Open Chrome Browser for Testing" finished-at="2021-06-10T12:52:56 CDT" duration-ms="1646" status="PASS">
          <reporter-output>
          </reporter-output>
        </test-method> <!-- setUp -->
        <test-method signature="completePurchaseTestCase()[pri:0, instance:testing.ActivityJava@355ce81c]" started-at="2021-06-10T12:52:56 CDT" name="completePurchaseTestCase" finished-at="2021-06-10T12:52:59 CDT" duration-ms="2937" status="PASS">
          <reporter-output>
          </reporter-output>
        </test-method> <!-- completePurchaseTestCase -->
        <test-method is-config="true" signature="tearDown()[pri:0, instance:testing.ActivityJava@355ce81c]" started-at="2021-06-10T12:52:59 CDT" name="tearDown" description="Closes and kill the browser session" finished-at="2021-06-10T12:52:59 CDT" duration-ms="620" status="PASS">
          <reporter-output>
          </reporter-output>
        </test-method> <!-- tearDown -->
      </class> <!-- testing.ActivityJava -->
    </test> <!-- Default test -->
  </suite> <!-- Default suite -->
</testng-results>
